Mon Jun 26 2017 00:29:15 GMT+0800 (+08): GET /
Mon Jun 26 2017 00:29:16 GMT+0800 (+08): GET /favicon.ico
Mon Jun 26 2017 00:29:18 GMT+0800 (+08): GET /about
Mon Jun 26 2017 00:29:19 GMT+0800 (+08): GET /
Mon Jun 26 2017 00:29:20 GMT+0800 (+08): GET /about
Mon Jun 26 2017 00:29:22 GMT+0800 (+08): GET /
Mon Jun 26 2017 00:29:24 GMT+0800 (+08): GET /about
Mon Jun 26 2017 00:29:27 GMT+0800 (+08): GET /
Mon Jun 26 2017 00:36:41 GMT+0800 (+08): GET /
Mon Jun 26 2017 00:36:47 GMT+0800 (+08): GET /
Mon Jun 26 2017 00:37:07 GMT+0800 (+08): GET /
Mon Jun 26 2017 00:37:10 GMT+0800 (+08): GET /
Mon Jun 26 2017 00:37:21 GMT+0800 (+08): GET /
Mon Jun 26 2017 00:37:44 GMT+0800 (+08): GET /
Mon Jun 26 2017 00:37:45 GMT+0800 (+08): GET /about
Mon Jun 26 2017 00:37:46 GMT+0800 (+08): GET /
Mon Jun 26 2017 00:37:50 GMT+0800 (+08): GET /
Mon Jun 26 2017 00:41:53 GMT+0800 (+08): GET /
Mon Jun 26 2017 00:48:07 GMT+0800 (+08): GET /help
Mon Jun 26 2017 00:48:14 GMT+0800 (+08): GET /help.html
Mon Jun 26 2017 00:48:54 GMT+0800 (+08): GET /help.html
Mon Jun 26 2017 00:49:35 GMT+0800 (+08): GET /help.html
Mon Jun 26 2017 00:50:27 GMT+0800 (+08): GET /
Mon Jun 26 2017 00:53:38 GMT+0800 (+08): GET /
Mon Jun 26 2017 00:53:43 GMT+0800 (+08): GET /help.html
Mon Jun 26 2017 00:53:46 GMT+0800 (+08): GET /
Mon Jun 26 2017 00:53:48 GMT+0800 (+08): GET /about
Mon Jun 26 2017 00:53:51 GMT+0800 (+08): GET /
Mon Jun 26 2017 00:53:53 GMT+0800 (+08): GET /about
Mon Jun 26 2017 00:53:54 GMT+0800 (+08): GET /
Mon Jun 26 2017 00:54:34 GMT+0800 (+08): GET /
Mon Jun 26 2017 00:54:42 GMT+0800 (+08): GET /
Mon Jun 26 2017 00:54:44 GMT+0800 (+08): GET /help.html
Mon Jun 26 2017 00:54:46 GMT+0800 (+08): GET /
